<?xml version="1.0" encoding="UTF-8"?>
<!-- Generated by org.testng.reporters.JUnitXMLReporter -->
<testsuite ignored="1" hostname="Balaji" failures="0" tests="1" name="Default test" time="0.076" errors="0" timestamp="2022-11-11T16:13:06 IST">
  <testcase classname="com.johndeere.base.AutomationWrapper" name="@BeforeTest setUrl" time="-1.668163386527E9">
    <failure type="org.testng.TestNGException" message="
Parameter &amp;apos;baseurl&amp;apos; is required by BeforeTest on method setUrl but has not been marked @Optional or defined
in C:\Users\Balaji\AppData\Local\Temp\testng-eclipse-1255938067\testng-customsuite.xml">
      <![CDATA[org.testng.TestNGException: 
Parameter 'baseurl' is required by BeforeTest on method setUrl but has not been marked @Optional or defined
in C:\Users\Balaji\AppData\Local\Temp\testng-eclipse-1255938067\testng-customsuite.xml
at org.testng.internal.Parameters.createParams(Parameters.java:267)
at org.testng.internal.Parameters.createParametersForMethod(Parameters.java:355)
at org.testng.internal.Parameters.createParameters(Parameters.java:660)
at org.testng.internal.Parameters.createConfigurationParameters(Parameters.java:166)
at org.testng.internal.invokers.ConfigInvoker.invokeConfigurations(ConfigInvoker.java:300)
at org.testng.TestRunner.invokeTestConfigurations(TestRunner.java:645)
at org.testng.TestRunner.beforeRun(TestRunner.java:634)
at org.testng.TestRunner.run(TestRunner.java:596)
at org.testng.SuiteRunner.runTest(SuiteRunner.java:429)
at org.testng.SuiteRunner.runSequentially(SuiteRunner.java:423)
at org.testng.SuiteRunner.privateRun(SuiteRunner.java:383)
at org.testng.SuiteRunner.run(SuiteRunner.java:326)
at org.testng.SuiteRunnerWorker.runSuite(SuiteRunnerWorker.java:52)
at org.testng.SuiteRunnerWorker.run(SuiteRunnerWorker.java:95)
at org.testng.TestNG.runSuitesSequentially(TestNG.java:1249)
at org.testng.TestNG.runSuitesLocally(TestNG.java:1169)
at org.testng.TestNG.runSuites(TestNG.java:1092)
at org.testng.TestNG.run(TestNG.java:1060)
at org.testng.remote.AbstractRemoteTestNG.run(AbstractRemoteTestNG.java:115)
at org.testng.remote.RemoteTestNG.initAndRun(RemoteTestNG.java:251)
at org.testng.remote.RemoteTestNG.main(RemoteTestNG.java:77)
]]>
    </failure>
  </testcase> <!-- @BeforeTest setUrl -->
  <testcase classname="com.johndeere.test.FindPetByStatusTest" name="findValidPetByStatusTest" time="0.0">
    <skipped/>
  </testcase> <!-- findValidPetByStatusTest -->
  <testcase classname="com.johndeere.test.FindPetByStatusTest" name="findValidPetByStatusResponseTest" time="0.0">
    <ignored/>
  </testcase> <!-- findValidPetByStatusResponseTest -->
</testsuite> <!-- Default test -->
